<?xml version="1.0" encoding="UTF-8"?>
<!-- Generated by org.testng.reporters.JUnitReportReporter -->
<testsuite hostname="DESKTOP-A7RCVA4" failures="0" tests="1" name="xmpParametervalue.EnterXmlValue" time="12.854" errors="0" timestamp="2021-10-17T15:22:57 IST" skipped="0">
  <testcase classname="xmpParametervalue.EnterXmlValue" name="Setup" time="12.854"/>
  <system-out/>
</testsuite> <!-- xmpParametervalue.EnterXmlValue -->
